[debug] [2025-12-29T23:20:22.113Z] ----------------------------------------------------------------------
[debug] [2025-12-29T23:20:22.116Z] Command:       C:\Program Files\nodejs\node.exe C:\Users\Rog\AppData\Roaming\npm\node_modules\firebase-tools\lib\bin\firebase.js deploy --only functions
[debug] [2025-12-29T23:20:22.117Z] CLI Version:   14.27.0
[debug] [2025-12-29T23:20:22.117Z] Platform:      win32
[debug] [2025-12-29T23:20:22.117Z] Node Version:  v22.16.0
[debug] [2025-12-29T23:20:22.117Z] Time:          Tue Dec 30 2025 07:20:22 GMT+0800 (Malaysia Time)
[debug] [2025-12-29T23:20:22.117Z] ----------------------------------------------------------------------
[debug] 
[debug] [2025-12-29T23:20:22.461Z] > command requires scopes: ["email","openid","https://www.googleapis.com/auth/cloudplatformprojects.readonly","https://www.googleapis.com/auth/firebase","https://www.googleapis.com/auth/cloud-platform"]
[debug] [2025-12-29T23:20:22.463Z] > authorizing via signed-in user (akmal16sep@gmail.com)
[debug] [2025-12-29T23:20:22.464Z] [iam] checking project wingzone-app for permissions ["cloudfunctions.functions.create","cloudfunctions.functions.delete","cloudfunctions.functions.get","cloudfunctions.functions.list","cloudfunctions.functions.update","cloudfunctions.operations.get","firebase.projects.get"]
[debug] [2025-12-29T23:20:22.467Z] Checked if tokens are valid: true, expires at: 1767052128426
[debug] [2025-12-29T23:20:22.467Z] Checked if tokens are valid: true, expires at: 1767052128426
[debug] [2025-12-29T23:20:22.469Z] >>> [apiv2][query] POST https://cloudresourcemanager.googleapis.com/v1/projects/wingzone-app:testIamPermissions [none]
[debug] [2025-12-29T23:20:22.469Z] >>> [apiv2][(partial)header] POST https://cloudresourcemanager.googleapis.com/v1/projects/wingzone-app:testIamPermissions x-goog-quota-user=projects/wingzone-app
[debug] [2025-12-29T23:20:22.469Z] >>> [apiv2][body] POST https://cloudresourcemanager.googleapis.com/v1/projects/wingzone-app:testIamPermissions {"permissions":["cloudfunctions.functions.create","cloudfunctions.functions.delete","cloudfunctions.functions.get","cloudfunctions.functions.list","cloudfunctions.functions.update","cloudfunctions.operations.get","firebase.projects.get"]}
[debug] [2025-12-29T23:20:23.750Z] <<< [apiv2][status] POST https://cloudresourcemanager.googleapis.com/v1/projects/wingzone-app:testIamPermissions 200
[debug] [2025-12-29T23:20:23.750Z] <<< [apiv2][body] POST https://cloudresourcemanager.googleapis.com/v1/projects/wingzone-app:testIamPermissions {"permissions":["cloudfunctions.functions.create","cloudfunctions.functions.delete","cloudfunctions.functions.get","cloudfunctions.functions.list","cloudfunctions.functions.update","cloudfunctions.operations.get","firebase.projects.get"]}
[debug] [2025-12-29T23:20:23.751Z] Checked if tokens are valid: true, expires at: 1767052128426
[debug] [2025-12-29T23:20:23.751Z] Checked if tokens are valid: true, expires at: 1767052128426
[debug] [2025-12-29T23:20:23.751Z] >>> [apiv2][query] POST https://iam.googleapis.com/v1/projects/wingzone-app/serviceAccounts/wingzone-app@appspot.gserviceaccount.com:testIamPermissions [none]
[debug] [2025-12-29T23:20:23.751Z] >>> [apiv2][body] POST https://iam.googleapis.com/v1/projects/wingzone-app/serviceAccounts/wingzone-app@appspot.gserviceaccount.com:testIamPermissions {"permissions":["iam.serviceAccounts.actAs"]}
[debug] [2025-12-29T23:20:25.155Z] <<< [apiv2][status] POST https://iam.googleapis.com/v1/projects/wingzone-app/serviceAccounts/wingzone-app@appspot.gserviceaccount.com:testIamPermissions 200
[debug] [2025-12-29T23:20:25.155Z] <<< [apiv2][body] POST https://iam.googleapis.com/v1/projects/wingzone-app/serviceAccounts/wingzone-app@appspot.gserviceaccount.com:testIamPermissions {"permissions":["iam.serviceAccounts.actAs"]}
[info] 
[info] === Deploying to 'wingzone-app'...
[info] 
[info] i  deploying functions 
[debug] [2025-12-29T23:20:25.160Z] Checked if tokens are valid: true, expires at: 1767052128426
[debug] [2025-12-29T23:20:25.160Z] Checked if tokens are valid: true, expires at: 1767052128426
[debug] [2025-12-29T23:20:25.160Z] >>> [apiv2][query] GET https://cloudresourcemanager.googleapis.com/v1/projects/wingzone-app [none]
[debug] [2025-12-29T23:20:25.438Z] <<< [apiv2][status] GET https://cloudresourcemanager.googleapis.com/v1/projects/wingzone-app 200
[debug] [2025-12-29T23:20:25.438Z] <<< [apiv2][body] GET https://cloudresourcemanager.googleapis.com/v1/projects/wingzone-app {"projectNumber":"24304517780","projectId":"wingzone-app","lifecycleState":"ACTIVE","name":"wingzone-app","labels":{"firebase":"enabled","firebase-core":"disabled"},"createTime":"2025-12-04T07:09:56.233040Z","parent":{"type":"organization","id":"904401336859"}}
[info] i  functions: preparing codebase default for deployment 
[info] i  functions: ensuring required API cloudfunctions.googleapis.com is enabled... 
[info] i  functions: ensuring required API cloudbuild.googleapis.com is enabled... 
[info] i  artifactregistry: ensuring required API artifactregistry.googleapis.com is enabled... 
[debug] [2025-12-29T23:20:25.445Z] Checked if tokens are valid: true, expires at: 1767052128426
[debug] [2025-12-29T23:20:25.446Z] Checked if tokens are valid: true, expires at: 1767052128426
[debug] [2025-12-29T23:20:25.446Z] >>> [apiv2][query] GET https://firebase.googleapis.com/v1beta1/projects/wingzone-app/adminSdkConfig [none]
[debug] [2025-12-29T23:20:26.046Z] <<< [apiv2][status] GET https://firebase.googleapis.com/v1beta1/projects/wingzone-app/adminSdkConfig 200
[debug] [2025-12-29T23:20:26.046Z] <<< [apiv2][body] GET https://firebase.googleapis.com/v1beta1/projects/wingzone-app/adminSdkConfig {"projectId":"wingzone-app","storageBucket":"wingzone-app.firebasestorage.app"}
[debug] [2025-12-29T23:20:26.047Z] Checked if tokens are valid: true, expires at: 1767052128426
[debug] [2025-12-29T23:20:26.047Z] Checked if tokens are valid: true, expires at: 1767052128426
[debug] [2025-12-29T23:20:26.047Z] >>> [apiv2][query] GET https://runtimeconfig.googleapis.com/v1beta1/projects/wingzone-app/configs [none]
[debug] [2025-12-29T23:20:26.465Z] <<< [apiv2][status] GET https://runtimeconfig.googleapis.com/v1beta1/projects/wingzone-app/configs 200
[debug] [2025-12-29T23:20:26.465Z] <<< [apiv2][body] GET https://runtimeconfig.googleapis.com/v1beta1/projects/wingzone-app/configs {}
[debug] [2025-12-29T23:20:26.468Z] Validating nodejs source
[warn] !  functions: package.json indicates an outdated version of firebase-functions. Please upgrade using npm install --save firebase-functions@latest in your functions directory. 
[debug] [2025-12-29T23:20:29.336Z] > [functions] package.json contents: {
  "name": "functions",
  "scripts": {
    "lint": "eslint --ext .js,.ts .",
    "build": "tsc",
    "build:watch": "tsc --watch",
    "serve": "npm run build && firebase emulators:start --only functions",
    "shell": "npm run build && firebase functions:shell",
    "start": "npm run shell",
    "deploy": "firebase deploy --only functions",
    "logs": "firebase functions:log"
  },
  "engines": {
    "node": "24"
  },
  "main": "lib/index.js",
  "dependencies": {
    "firebase-admin": "^13.6.0",
    "firebase-functions": "^7.0.0"
  },
  "devDependencies": {
    "@typescript-eslint/eslint-plugin": "^5.12.0",
    "@typescript-eslint/parser": "^5.12.0",
    "eslint": "^8.9.0",
    "eslint-config-google": "^0.14.0",
    "eslint-plugin-import": "^2.25.4",
    "firebase-functions-test": "^3.4.1",
    "typescript": "^5.7.3"
  },
  "private": true
}
[debug] [2025-12-29T23:20:29.336Z] Building nodejs source
[info] i  functions: Loading and analyzing source code for codebase default to determine what to deploy 
[debug] [2025-12-29T23:20:29.337Z] Could not find functions.yaml. Must use http discovery
[debug] [2025-12-29T23:20:29.349Z] Found firebase-functions binary at 'C:\Users\Rog\Documents\Amiki\Chp5\MP\wz-app\functions\node_modules\.bin\firebase-functions'
[info] Serving at port 8078

[debug] [2025-12-29T23:20:30.328Z] Got response from /__/functions.yaml {"endpoints":{"autoProgressIndividualOrders":{"availableMemoryMb":null,"timeoutSeconds":null,"minInstances":null,"maxInstances":10,"ingressSettings":null,"concurrency":null,"serviceAccountEmail":null,"vpc":null,"platform":"gcfv2","labels":{},"eventTrigger":{"eventType":"google.cloud.firestore.document.v1.created","eventFilters":{"database":"(default)","namespace":"(default)"},"eventFilterPathPatterns":{"document":"individual_orders/{orderId}"},"retry":false},"entryPoint":"autoProgressIndividualOrders"},"onOrderConfirmed":{"availableMemoryMb":null,"timeoutSeconds":null,"minInstances":null,"maxInstances":10,"ingressSettings":null,"concurrency":null,"serviceAccountEmail":null,"vpc":null,"platform":"gcfv2","labels":{},"eventTrigger":{"eventType":"google.cloud.firestore.document.v1.updated","eventFilters":{"database":"(default)","namespace":"(default)"},"eventFilterPathPatterns":{"document":"individual_orders/{orderId}"},"retry":false},"entryPoint":"onOrderConfirmed"},"autoDeliverReadyOrders":{"availableMemoryMb":null,"timeoutSeconds":null,"minInstances":null,"maxInstances":10,"ingressSettings":null,"concurrency":null,"serviceAccountEmail":null,"vpc":null,"platform":"gcfv2","labels":{},"eventTrigger":{"eventType":"google.cloud.firestore.document.v1.updated","eventFilters":{"database":"(default)","namespace":"(default)"},"eventFilterPathPatterns":{"document":"individual_orders/{orderId}"},"retry":false},"entryPoint":"autoDeliverReadyOrders"},"autoProgressGroupOrders":{"availableMemoryMb":null,"timeoutSeconds":null,"minInstances":null,"maxInstances":10,"ingressSettings":null,"concurrency":null,"serviceAccountEmail":null,"vpc":null,"platform":"gcfv2","labels":{},"eventTrigger":{"eventType":"google.cloud.firestore.document.v1.created","eventFilters":{"database":"(default)","namespace":"(default)"},"eventFilterPathPatterns":{"document":"group_orders/{orderId}"},"retry":false},"entryPoint":"autoProgressGroupOrders"},"onGroupOrderConfirmed":{"availableMemoryMb":null,"timeoutSeconds":null,"minInstances":null,"maxInstances":10,"ingressSettings":null,"concurrency":null,"serviceAccountEmail":null,"vpc":null,"platform":"gcfv2","labels":{},"eventTrigger":{"eventType":"google.cloud.firestore.document.v1.updated","eventFilters":{"database":"(default)","namespace":"(default)"},"eventFilterPathPatterns":{"document":"group_orders/{orderId}"},"retry":false},"entryPoint":"onGroupOrderConfirmed"},"autoDeliverReadyGroupOrders":{"availableMemoryMb":null,"timeoutSeconds":null,"minInstances":null,"maxInstances":10,"ingressSettings":null,"concurrency":null,"serviceAccountEmail":null,"vpc":null,"platform":"gcfv2","labels":{},"eventTrigger":{"eventType":"google.cloud.firestore.document.v1.updated","eventFilters":{"database":"(default)","namespace":"(default)"},"eventFilterPathPatterns":{"document":"group_orders/{orderId}"},"retry":false},"entryPoint":"autoDeliverReadyGroupOrders"}},"specVersion":"v1alpha1","requiredAPIs":[],"extensions":{}}
[info] i  extensions: ensuring required API firebaseextensions.googleapis.com is enabled... 
[debug] [2025-12-29T23:20:34.379Z] > command requires scopes: ["email","openid","https://www.googleapis.com/auth/cloudplatformprojects.readonly","https://www.googleapis.com/auth/firebase","https://www.googleapis.com/auth/cloud-platform"]
[debug] [2025-12-29T23:20:34.379Z] > authorizing via signed-in user (akmal16sep@gmail.com)
[debug] [2025-12-29T23:20:34.379Z] [iam] checking project wingzone-app for permissions ["firebase.projects.get","firebaseextensions.instances.list"]
[debug] [2025-12-29T23:20:34.380Z] Checked if tokens are valid: true, expires at: 1767052128426
[debug] [2025-12-29T23:20:34.380Z] Checked if tokens are valid: true, expires at: 1767052128426
[debug] [2025-12-29T23:20:34.380Z] >>> [apiv2][query] POST https://cloudresourcemanager.googleapis.com/v1/projects/wingzone-app:testIamPermissions [none]
[debug] [2025-12-29T23:20:34.380Z] >>> [apiv2][(partial)header] POST https://cloudresourcemanager.googleapis.com/v1/projects/wingzone-app:testIamPermissions x-goog-quota-user=projects/wingzone-app
[debug] [2025-12-29T23:20:34.380Z] >>> [apiv2][body] POST https://cloudresourcemanager.googleapis.com/v1/projects/wingzone-app:testIamPermissions {"permissions":["firebase.projects.get","firebaseextensions.instances.list"]}
[debug] [2025-12-29T23:20:35.507Z] <<< [apiv2][status] POST https://cloudresourcemanager.googleapis.com/v1/projects/wingzone-app:testIamPermissions 200
[debug] [2025-12-29T23:20:35.507Z] <<< [apiv2][body] POST https://cloudresourcemanager.googleapis.com/v1/projects/wingzone-app:testIamPermissions {"permissions":["firebase.projects.get","firebaseextensions.instances.list"]}
[debug] [2025-12-29T23:20:35.508Z] Checked if tokens are valid: true, expires at: 1767052128426
[debug] [2025-12-29T23:20:35.508Z] Checked if tokens are valid: true, expires at: 1767052128426
[debug] [2025-12-29T23:20:35.508Z] >>> [apiv2][query] GET https://firebaseextensions.googleapis.com/v1beta/projects/wingzone-app/instances pageSize=100&pageToken=
[debug] [2025-12-29T23:20:36.815Z] <<< [apiv2][status] GET https://firebaseextensions.googleapis.com/v1beta/projects/wingzone-app/instances 200
[debug] [2025-12-29T23:20:36.815Z] <<< [apiv2][body] GET https://firebaseextensions.googleapis.com/v1beta/projects/wingzone-app/instances {}
[info] i  functions: preparing functions directory for uploading... 
[info] i  functions: packaged C:\Users\Rog\Documents\Amiki\Chp5\MP\wz-app\functions (100.19 KB) for uploading 
[debug] [2025-12-29T23:20:36.873Z] Checked if tokens are valid: true, expires at: 1767052128426
[debug] [2025-12-29T23:20:36.873Z] Checked if tokens are valid: true, expires at: 1767052128426
[debug] [2025-12-29T23:20:36.873Z] >>> [apiv2][query] GET https://cloudfunctions.googleapis.com/v1/projects/wingzone-app/locations/-/functions [none]
[debug] [2025-12-29T23:20:37.661Z] <<< [apiv2][status] GET https://cloudfunctions.googleapis.com/v1/projects/wingzone-app/locations/-/functions 200
[debug] [2025-12-29T23:20:37.661Z] <<< [apiv2][body] GET https://cloudfunctions.googleapis.com/v1/projects/wingzone-app/locations/-/functions {}
[debug] [2025-12-29T23:20:37.661Z] Checked if tokens are valid: true, expires at: 1767052128426
[debug] [2025-12-29T23:20:37.661Z] Checked if tokens are valid: true, expires at: 1767052128426
[debug] [2025-12-29T23:20:37.661Z] >>> [apiv2][query] GET https://cloudfunctions.googleapis.com/v2/projects/wingzone-app/locations/-/functions filter=environment%3D%22GEN_2%22
[debug] [2025-12-29T23:20:39.238Z] <<< [apiv2][status] GET https://cloudfunctions.googleapis.com/v2/projects/wingzone-app/locations/-/functions 200
[debug] [2025-12-29T23:20:39.239Z] <<< [apiv2][body] GET https://cloudfunctions.googleapis.com/v2/projects/wingzone-app/locations/-/functions {"functions":[{"name":"projects/wingzone-app/locations/us-central1/functions/autoDeliverReadyGroupOrders","buildConfig":{"build":"projects/24304517780/locations/us-central1/builds/d0d26332-8b49-4acc-8000-33cbfe795848","runtime":"nodejs24","entryPoint":"autoDeliverReadyGroupOrders","source":{"storageSource":{"bucket":"gcf-v2-sources-24304517780-us-central1","object":"autoDeliverReadyGroupOrders/function-source.zip","generation":"1767049324721478"}},"environmentVariables":{"GOOGLE_NODE_RUN_SCRIPTS":""},"dockerRepository":"projects/wingzone-app/locations/us-central1/repositories/gcf-artifacts","sourceProvenance":{"resolvedStorageSource":{"bucket":"gcf-v2-sources-24304517780-us-central1","object":"autoDeliverReadyGroupOrders/function-source.zip","generation":"1767049324721478"}},"dockerRegistry":"ARTIFACT_REGISTRY","serviceAccount":"projects/wingzone-app/serviceAccounts/24304517780-compute@developer.gserviceaccount.com","automaticUpdatePolicy":{}},"serviceConfig":{"service":"projects/wingzone-app/locations/us-central1/services/autodeliverreadygrouporders","timeoutSeconds":60,"environmentVariables":{"FIREBASE_CONFIG":"{\"projectId\":\"wingzone-app\",\"storageBucket\":\"wingzone-app.firebasestorage.app\"}","GCLOUD_PROJECT":"wingzone-app","EVENTARC_CLOUD_EVENT_SOURCE":"projects/wingzone-app/locations/us-central1/services/autoDeliverReadyGroupOrders","FUNCTION_SIGNATURE_TYPE":"cloudevent","FUNCTION_TARGET":"autoDeliverReadyGroupOrders","LOG_EXECUTION_ID":"true"},"maxInstanceCount":10,"ingressSettings":"ALLOW_ALL","uri":"https://autodeliverreadygrouporders-7yvw3zevxa-uc.a.run.app","serviceAccountEmail":"24304517780-compute@developer.gserviceaccount.com","availableMemory":"256Mi","allTrafficOnLatestRevision":true,"revision":"autodeliverreadygrouporders-00001-hex","maxInstanceRequestConcurrency":80,"availableCpu":"1"},"eventTrigger":{"trigger":"projects/wingzone-app/locations/nam5/triggers/autodeliverreadygrouporders-869638","triggerRegion":"nam5","eventType":"google.cloud.firestore.document.v1.updated","eventFilters":[{"attribute":"database","value":"(default)"},{"attribute":"namespace","value":"(default)"},{"attribute":"document","value":"group_orders/{orderId}","operator":"match-path-pattern"}],"pubsubTopic":"projects/wingzone-app/topics/eventarc-nam5-autodeliverreadygrouporders-869638-977","serviceAccountEmail":"24304517780-compute@developer.gserviceaccount.com","retryPolicy":"RETRY_POLICY_DO_NOT_RETRY"},"state":"ACTIVE","updateTime":"2025-12-29T23:02:23.556474962Z","labels":{"deployment-tool":"cli-firebase","firebase-functions-hash":"69809bfd6a0d51d34a7d2ce4a673bcd2f15dfd91"},"environment":"GEN_2","url":"https://us-central1-wingzone-app.cloudfunctions.net/autoDeliverReadyGroupOrders","createTime":"2025-12-29T23:02:05.334329438Z","satisfiesPzi":true},{"name":"projects/wingzone-app/locations/us-central1/functions/autoDeliverReadyOrders","buildConfig":{"build":"projects/24304517780/locations/us-central1/builds/d0d26332-8b49-4acc-8000-33cbfe795848","runtime":"nodejs24","entryPoint":"autoDeliverReadyOrders","source":{"storageSource":{"bucket":"gcf-v2-sources-24304517780-us-central1","object":"autoDeliverReadyOrders/function-source.zip","generation":"1767049324683154"}},"environmentVariables":{"GOOGLE_NODE_RUN_SCRIPTS":""},"dockerRepository":"projects/wingzone-app/locations/us-central1/repositories/gcf-artifacts","sourceProvenance":{"resolvedStorageSource":{"bucket":"gcf-v2-sources-24304517780-us-central1","object":"autoDeliverReadyOrders/function-source.zip","generation":"1767049324683154"}},"dockerRegistry":"ARTIFACT_REGISTRY","serviceAccount":"projects/wingzone-app/serviceAccounts/24304517780-compute@developer.gserviceaccount.com","automaticUpdatePolicy":{}},"serviceConfig":{"service":"projects/wingzone-app/locations/us-central1/services/autodeliverreadyorders","timeoutSeconds":60,"environmentVariables":{"FIREBASE_CONFIG":"{\"projectId\":\"wingzone-app\",\"storageBucket\":\"wingzone-app.firebasestorage.app\"}","GCLOUD_PROJECT":"wingzone-app","EVENTARC_CLOUD_EVENT_SOURCE":"projects/wingzone-app/locations/us-central1/services/autoDeliverReadyOrders","FUNCTION_SIGNATURE_TYPE":"cloudevent","FUNCTION_TARGET":"autoDeliverReadyOrders","LOG_EXECUTION_ID":"true"},"maxInstanceCount":10,"ingressSettings":"ALLOW_ALL","uri":"https://autodeliverreadyorders-7yvw3zevxa-uc.a.run.app","serviceAccountEmail":"24304517780-compute@developer.gserviceaccount.com","availableMemory":"256Mi","allTrafficOnLatestRevision":true,"revision":"autodeliverreadyorders-00001-jun","maxInstanceRequestConcurrency":80,"availableCpu":"1"},"eventTrigger":{"trigger":"projects/wingzone-app/locations/nam5/triggers/autodeliverreadyorders-395870","triggerRegion":"nam5","eventType":"google.cloud.firestore.document.v1.updated","eventFilters":[{"attribute":"database","value":"(default)"},{"attribute":"namespace","value":"(default)"},{"attribute":"document","value":"individual_orders/{orderId}","operator":"match-path-pattern"}],"pubsubTopic":"projects/wingzone-app/topics/eventarc-nam5-autodeliverreadyorders-395870-886","serviceAccountEmail":"24304517780-compute@developer.gserviceaccount.com","retryPolicy":"RETRY_POLICY_DO_NOT_RETRY"},"state":"ACTIVE","updateTime":"2025-12-29T23:02:23.748179645Z","labels":{"deployment-tool":"cli-firebase","firebase-functions-hash":"69809bfd6a0d51d34a7d2ce4a673bcd2f15dfd91"},"environment":"GEN_2","url":"https://us-central1-wingzone-app.cloudfunctions.net/autoDeliverReadyOrders","createTime":"2025-12-29T23:02:05.302179595Z","satisfiesPzi":true},{"name":"projects/wingzone-app/locations/us-central1/functions/autoProgressIndividualOrders","buildConfig":{"build":"projects/24304517780/locations/us-central1/builds/d0d26332-8b49-4acc-8000-33cbfe795848","runtime":"nodejs24","entryPoint":"autoProgressIndividualOrders","source":{"storageSource":{"bucket":"gcf-v2-sources-24304517780-us-central1","object":"autoProgressIndividualOrders/function-source.zip","generation":"1767049254802621"}},"environmentVariables":{"GOOGLE_NODE_RUN_SCRIPTS":""},"dockerRepository":"projects/wingzone-app/locations/us-central1/repositories/gcf-artifacts","sourceProvenance":{"resolvedStorageSource":{"bucket":"gcf-v2-sources-24304517780-us-central1","object":"autoProgressIndividualOrders/function-source.zip","generation":"1767049254802621"}},"dockerRegistry":"ARTIFACT_REGISTRY","serviceAccount":"projects/wingzone-app/serviceAccounts/24304517780-compute@developer.gserviceaccount.com","automaticUpdatePolicy":{}},"serviceConfig":{"service":"projects/wingzone-app/locations/us-central1/services/autoprogressindividualorders","timeoutSeconds":60,"environmentVariables":{"FIREBASE_CONFIG":"{\"projectId\":\"wingzone-app\",\"storageBucket\":\"wingzone-app.firebasestorage.app\"}","GCLOUD_PROJECT":"wingzone-app","EVENTARC_CLOUD_EVENT_SOURCE":"projects/wingzone-app/locations/us-central1/services/autoProgressIndividualOrders","FUNCTION_SIGNATURE_TYPE":"cloudevent","FUNCTION_TARGET":"autoProgressIndividualOrders","LOG_EXECUTION_ID":"true"},"maxInstanceCount":10,"ingressSettings":"ALLOW_ALL","uri":"https://autoprogressindividualorders-7yvw3zevxa-uc.a.run.app","serviceAccountEmail":"24304517780-compute@developer.gserviceaccount.com","availableMemory":"256Mi","allTrafficOnLatestRevision":true,"revision":"autoprogressindividualorders-00001-foj","maxInstanceRequestConcurrency":80,"availableCpu":"1"},"eventTrigger":{"trigger":"projects/wingzone-app/locations/nam5/triggers/autoprogressindividualorders-269664","triggerRegion":"nam5","eventType":"google.cloud.firestore.document.v1.created","eventFilters":[{"attribute":"namespace","value":"(default)"},{"attribute":"document","value":"individual_orders/{orderId}","operator":"match-path-pattern"},{"attribute":"database","value":"(default)"}],"pubsubTopic":"projects/wingzone-app/topics/eventarc-nam5-autoprogressindividualorders-269664-632","serviceAccountEmail":"24304517780-compute@developer.gserviceaccount.com","retryPolicy":"RETRY_POLICY_DO_NOT_RETRY"},"state":"ACTIVE","updateTime":"2025-12-29T23:02:19.942982425Z","labels":{"deployment-tool":"cli-firebase","firebase-functions-hash":"69809bfd6a0d51d34a7d2ce4a673bcd2f15dfd91"},"environment":"GEN_2","url":"https://us-central1-wingzone-app.cloudfunctions.net/autoProgressIndividualOrders","createTime":"2025-12-29T23:00:55.415579724Z","satisfiesPzi":true},{"name":"projects/wingzone-app/locations/us-central1/functions/autoProgressGroupOrders","buildConfig":{"build":"projects/24304517780/locations/us-central1/builds/d0d26332-8b49-4acc-8000-33cbfe795848","runtime":"nodejs24","entryPoint":"autoProgressGroupOrders","source":{"storageSource":{"bucket":"gcf-v2-sources-24304517780-us-central1","object":"autoProgressGroupOrders/function-source.zip","generation":"1767049324727846"}},"environmentVariables":{"GOOGLE_NODE_RUN_SCRIPTS":""},"dockerRepository":"projects/wingzone-app/locations/us-central1/repositories/gcf-artifacts","sourceProvenance":{"resolvedStorageSource":{"bucket":"gcf-v2-sources-24304517780-us-central1","object":"autoProgressGroupOrders/function-source.zip","generation":"1767049324727846"}},"dockerRegistry":"ARTIFACT_REGISTRY","serviceAccount":"projects/wingzone-app/serviceAccounts/24304517780-compute@developer.gserviceaccount.com","automaticUpdatePolicy":{}},"serviceConfig":{"service":"projects/wingzone-app/locations/us-central1/services/autoprogressgrouporders","timeoutSeconds":60,"environmentVariables":{"FIREBASE_CONFIG":"{\"projectId\":\"wingzone-app\",\"storageBucket\":\"wingzone-app.firebasestorage.app\"}","GCLOUD_PROJECT":"wingzone-app","EVENTARC_CLOUD_EVENT_SOURCE":"projects/wingzone-app/locations/us-central1/services/autoProgressGroupOrders","FUNCTION_SIGNATURE_TYPE":"cloudevent","FUNCTION_TARGET":"autoProgressGroupOrders","LOG_EXECUTION_ID":"true"},"maxInstanceCount":10,"ingressSettings":"ALLOW_ALL","uri":"https://autoprogressgrouporders-7yvw3zevxa-uc.a.run.app","serviceAccountEmail":"24304517780-compute@developer.gserviceaccount.com","availableMemory":"256Mi","allTrafficOnLatestRevision":true,"revision":"autoprogressgrouporders-00001-vuj","maxInstanceRequestConcurrency":80,"availableCpu":"1"},"eventTrigger":{"trigger":"projects/wingzone-app/locations/nam5/triggers/autoprogressgrouporders-313039","triggerRegion":"nam5","eventType":"google.cloud.firestore.document.v1.created","eventFilters":[{"attribute":"namespace","value":"(default)"},{"attribute":"document","value":"group_orders/{orderId}","operator":"match-path-pattern"},{"attribute":"database","value":"(default)"}],"pubsubTopic":"projects/wingzone-app/topics/eventarc-nam5-autoprogressgrouporders-313039-758","serviceAccountEmail":"24304517780-compute@developer.gserviceaccount.com","retryPolicy":"RETRY_POLICY_DO_NOT_RETRY"},"state":"ACTIVE","updateTime":"2025-12-29T23:02:23.702387246Z","labels":{"deployment-tool":"cli-firebase","firebase-functions-hash":"69809bfd6a0d51d34a7d2ce4a673bcd2f15dfd91"},"environment":"GEN_2","url":"https://us-central1-wingzone-app.cloudfunctions.net/autoProgressGroupOrders","createTime":"2025-12-29T23:02:05.327856718Z","satisfiesPzi":true}]}
[debug] [2025-12-29T23:20:39.241Z] Checked if tokens are valid: true, expires at: 1767052128426
[debug] [2025-12-29T23:20:39.241Z] Checked if tokens are valid: true, expires at: 1767052128426
[debug] [2025-12-29T23:20:39.241Z] >>> [apiv2][query] GET https://firestore.googleapis.com/v1/projects/wingzone-app/databases/(default) [none]
[debug] [2025-12-29T23:20:40.719Z] <<< [apiv2][status] GET https://firestore.googleapis.com/v1/projects/wingzone-app/databases/(default) 200
[debug] [2025-12-29T23:20:40.719Z] <<< [apiv2][body] GET https://firestore.googleapis.com/v1/projects/wingzone-app/databases/(default) {"name":"projects/wingzone-app/databases/(default)","uid":"76544050-388b-4615-a50d-e18f7f9802ce","createTime":"2025-12-04T08:49:39.407123Z","updateTime":"2025-12-04T08:49:39.407123Z","locationId":"nam5","type":"FIRESTORE_NATIVE","concurrencyMode":"PESSIMISTIC","versionRetentionPeriod":"3600s","earliestVersionTime":"2025-12-29T22:20:41.057659Z","appEngineIntegrationMode":"DISABLED","keyPrefix":"s","pointInTimeRecoveryEnablement":"POINT_IN_TIME_RECOVERY_DISABLED","deleteProtectionState":"DELETE_PROTECTION_DISABLED","databaseEdition":"STANDARD","freeTier":true,"realtimeUpdatesMode":"REALTIME_UPDATES_MODE_ENABLED","etag":"IOnF2+7345EDMJu/ksrGo5ED"}
[info] i  functions: ensuring required API run.googleapis.com is enabled... 
[info] i  functions: ensuring required API eventarc.googleapis.com is enabled... 
[info] i  functions: ensuring required API pubsub.googleapis.com is enabled... 
[info] i  functions: ensuring required API storage.googleapis.com is enabled... 
[info] i  functions: generating the service identity for pubsub.googleapis.com... 
[debug] [2025-12-29T23:20:40.727Z] Checked if tokens are valid: true, expires at: 1767052128426
[debug] [2025-12-29T23:20:40.727Z] Checked if tokens are valid: true, expires at: 1767052128426
[info] i  functions: generating the service identity for eventarc.googleapis.com... 
[debug] [2025-12-29T23:20:40.728Z] Checked if tokens are valid: true, expires at: 1767052128426
[debug] [2025-12-29T23:20:40.728Z] Checked if tokens are valid: true, expires at: 1767052128426
[debug] [2025-12-29T23:20:40.729Z] >>> [apiv2][query] POST https://serviceusage.googleapis.com/v1beta1/projects/24304517780/services/pubsub.googleapis.com:generateServiceIdentity [none]
[debug] [2025-12-29T23:20:40.729Z] >>> [apiv2][(partial)header] POST https://serviceusage.googleapis.com/v1beta1/projects/24304517780/services/pubsub.googleapis.com:generateServiceIdentity x-goog-quota-user=projects/24304517780
[debug] [2025-12-29T23:20:40.729Z] >>> [apiv2][body] POST https://serviceusage.googleapis.com/v1beta1/projects/24304517780/services/pubsub.googleapis.com:generateServiceIdentity {}
[debug] [2025-12-29T23:20:40.732Z] >>> [apiv2][query] POST https://serviceusage.googleapis.com/v1beta1/projects/24304517780/services/eventarc.googleapis.com:generateServiceIdentity [none]
[debug] [2025-12-29T23:20:40.734Z] >>> [apiv2][(partial)header] POST https://serviceusage.googleapis.com/v1beta1/projects/24304517780/services/eventarc.googleapis.com:generateServiceIdentity x-goog-quota-user=projects/24304517780
[debug] [2025-12-29T23:20:40.734Z] >>> [apiv2][body] POST https://serviceusage.googleapis.com/v1beta1/projects/24304517780/services/eventarc.googleapis.com:generateServiceIdentity {}
[debug] [2025-12-29T23:20:42.547Z] <<< [apiv2][status] POST https://serviceusage.googleapis.com/v1beta1/projects/24304517780/services/pubsub.googleapis.com:generateServiceIdentity 200
[debug] [2025-12-29T23:20:42.550Z] <<< [apiv2][body] POST https://serviceusage.googleapis.com/v1beta1/projects/24304517780/services/pubsub.googleapis.com:generateServiceIdentity {"name":"operations/finished.DONE_OPERATION","done":true,"response":{"@type":"type.googleapis.com/google.api.serviceusage.v1beta1.ServiceIdentity","email":"service-24304517780@gcp-sa-pubsub.iam.gserviceaccount.com","uniqueId":"104349103059680353492"}}
[debug] [2025-12-29T23:20:42.552Z] <<< [apiv2][status] POST https://serviceusage.googleapis.com/v1beta1/projects/24304517780/services/eventarc.googleapis.com:generateServiceIdentity 200
[debug] [2025-12-29T23:20:42.552Z] <<< [apiv2][body] POST https://serviceusage.googleapis.com/v1beta1/projects/24304517780/services/eventarc.googleapis.com:generateServiceIdentity {"name":"operations/finished.DONE_OPERATION","done":true,"response":{"@type":"type.googleapis.com/google.api.serviceusage.v1beta1.ServiceIdentity","email":"service-24304517780@gcp-sa-eventarc.iam.gserviceaccount.com","uniqueId":"110204847052957259104"}}
[debug] [2025-12-29T23:20:42.559Z] Checked if tokens are valid: true, expires at: 1767052128426
[debug] [2025-12-29T23:20:42.560Z] Checked if tokens are valid: true, expires at: 1767052128426
[debug] [2025-12-29T23:20:42.561Z] >>> [apiv2][query] GET https://cloudresourcemanager.googleapis.com/v1/projects/wingzone-app [none]
[debug] [2025-12-29T23:20:43.729Z] <<< [apiv2][status] GET https://cloudresourcemanager.googleapis.com/v1/projects/wingzone-app 200
[debug] [2025-12-29T23:20:43.730Z] <<< [apiv2][body] GET https://cloudresourcemanager.googleapis.com/v1/projects/wingzone-app {"projectNumber":"24304517780","projectId":"wingzone-app","lifecycleState":"ACTIVE","name":"wingzone-app","labels":{"firebase":"enabled","firebase-core":"disabled"},"createTime":"2025-12-04T07:09:56.233040Z","parent":{"type":"organization","id":"904401336859"}}
[debug] [2025-12-29T23:20:43.730Z] Checked if tokens are valid: true, expires at: 1767052128426
[debug] [2025-12-29T23:20:43.730Z] Checked if tokens are valid: true, expires at: 1767052128426
[debug] [2025-12-29T23:20:43.730Z] >>> [apiv2][query] GET https://compute.googleapis.com/compute/v1/projects/24304517780 [none]
[debug] [2025-12-29T23:20:44.124Z] <<< [apiv2][status] GET https://compute.googleapis.com/compute/v1/projects/24304517780 403
[debug] [2025-12-29T23:20:44.124Z] <<< [apiv2][body] GET https://compute.googleapis.com/compute/v1/projects/24304517780 {"error":{"code":403,"message":"Compute Engine API has not been used in project 24304517780 before or it is disabled. Enable it by visiting https://console.developers.google.com/apis/api/compute.googleapis.com/overview?project=24304517780 then retry. If you enabled this API recently, wait a few minutes for the action to propagate to our systems and retry.","errors":[{"message":"Compute Engine API has not been used in project 24304517780 before or it is disabled. Enable it by visiting https://console.developers.google.com/apis/api/compute.googleapis.com/overview?project=24304517780 then retry. If you enabled this API recently, wait a few minutes for the action to propagate to our systems and retry.","domain":"usageLimits","reason":"accessNotConfigured","extendedHelp":"https://console.developers.google.com"}],"status":"PERMISSION_DENIED","details":[{"@type":"type.googleapis.com/google.rpc.ErrorInfo","reason":"SERVICE_DISABLED","domain":"googleapis.com","metadata":{"containerInfo":"24304517780","activationUrl":"https://console.developers.google.com/apis/api/compute.googleapis.com/overview?project=24304517780","service":"compute.googleapis.com","consumer":"projects/24304517780","serviceTitle":"Compute Engine API"}},{"@type":"type.googleapis.com/google.rpc.LocalizedMessage","locale":"en-US","message":"Compute Engine API has not been used in project 24304517780 before or it is disabled. Enable it by visiting https://console.developers.google.com/apis/api/compute.googleapis.com/overview?project=24304517780 then retry. If you enabled this API recently, wait a few minutes for the action to propagate to our systems and retry."},{"@type":"type.googleapis.com/google.rpc.Help","links":[{"description":"Google developers console API activation","url":"https://console.developers.google.com/apis/api/compute.googleapis.com/overview?project=24304517780"}]}]}}
[debug] [2025-12-29T23:20:44.124Z] unable to look up default compute service account. Falling back to 24304517780-compute@developer.gserviceaccount.com. Error: {"name":"FirebaseError","children":[],"context":{"body":{"error":{"code":403,"message":"Compute Engine API has not been used in project 24304517780 before or it is disabled. Enable it by visiting https://console.developers.google.com/apis/api/compute.googleapis.com/overview?project=24304517780 then retry. If you enabled this API recently, wait a few minutes for the action to propagate to our systems and retry.","errors":[{"message":"Compute Engine API has not been used in project 24304517780 before or it is disabled. Enable it by visiting https://console.developers.google.com/apis/api/compute.googleapis.com/overview?project=24304517780 then retry. If you enabled this API recently, wait a few minutes for the action to propagate to our systems and retry.","domain":"usageLimits","reason":"accessNotConfigured","extendedHelp":"https://console.developers.google.com"}],"status":"PERMISSION_DENIED","details":[{"@type":"type.googleapis.com/google.rpc.ErrorInfo","reason":"SERVICE_DISABLED","domain":"googleapis.com","metadata":{"containerInfo":"24304517780","activationUrl":"https://console.developers.google.com/apis/api/compute.googleapis.com/overview?project=24304517780","service":"compute.googleapis.com","consumer":"projects/24304517780","serviceTitle":"Compute Engine API"}},{"@type":"type.googleapis.com/google.rpc.LocalizedMessage","locale":"en-US","message":"Compute Engine API has not been used in project 24304517780 before or it is disabled. Enable it by visiting https://console.developers.google.com/apis/api/compute.googleapis.com/overview?project=24304517780 then retry. If you enabled this API recently, wait a few minutes for the action to propagate to our systems and retry."},{"@type":"type.googleapis.com/google.rpc.Help","links":[{"description":"Google developers console API activation","url":"https://console.developers.google.com/apis/api/compute.googleapis.com/overview?project=24304517780"}]}]}},"response":{"statusCode":403}},"exit":1,"message":"Request to https://compute.googleapis.com/compute/v1/projects/24304517780 had HTTP Error: 403, Compute Engine API has not been used in project 24304517780 before or it is disabled. Enable it by visiting https://console.developers.google.com/apis/api/compute.googleapis.com/overview?project=24304517780 then retry. If you enabled this API recently, wait a few minutes for the action to propagate to our systems and retry.","status":403}
[debug] [2025-12-29T23:20:44.124Z] Checked if tokens are valid: true, expires at: 1767052128426
[debug] [2025-12-29T23:20:44.124Z] Checked if tokens are valid: true, expires at: 1767052128426
[debug] [2025-12-29T23:20:44.125Z] >>> [apiv2][query] GET https://compute.googleapis.com/compute/v1/projects/24304517780 [none]
[debug] [2025-12-29T23:20:44.429Z] <<< [apiv2][status] GET https://compute.googleapis.com/compute/v1/projects/24304517780 403
[debug] [2025-12-29T23:20:44.429Z] <<< [apiv2][body] GET https://compute.googleapis.com/compute/v1/projects/24304517780 {"error":{"code":403,"message":"Compute Engine API has not been used in project 24304517780 before or it is disabled. Enable it by visiting https://console.developers.google.com/apis/api/compute.googleapis.com/overview?project=24304517780 then retry. If you enabled this API recently, wait a few minutes for the action to propagate to our systems and retry.","errors":[{"message":"Compute Engine API has not been used in project 24304517780 before or it is disabled. Enable it by visiting https://console.developers.google.com/apis/api/compute.googleapis.com/overview?project=24304517780 then retry. If you enabled this API recently, wait a few minutes for the action to propagate to our systems and retry.","domain":"usageLimits","reason":"accessNotConfigured","extendedHelp":"https://console.developers.google.com"}],"status":"PERMISSION_DENIED","details":[{"@type":"type.googleapis.com/google.rpc.ErrorInfo","reason":"SERVICE_DISABLED","domain":"googleapis.com","metadata":{"activationUrl":"https://console.developers.google.com/apis/api/compute.googleapis.com/overview?project=24304517780","consumer":"projects/24304517780","serviceTitle":"Compute Engine API","service":"compute.googleapis.com","containerInfo":"24304517780"}},{"@type":"type.googleapis.com/google.rpc.LocalizedMessage","locale":"en-US","message":"Compute Engine API has not been used in project 24304517780 before or it is disabled. Enable it by visiting https://console.developers.google.com/apis/api/compute.googleapis.com/overview?project=24304517780 then retry. If you enabled this API recently, wait a few minutes for the action to propagate to our systems and retry."},{"@type":"type.googleapis.com/google.rpc.Help","links":[{"description":"Google developers console API activation","url":"https://console.developers.google.com/apis/api/compute.googleapis.com/overview?project=24304517780"}]}]}}
[debug] [2025-12-29T23:20:44.429Z] unable to look up default compute service account. Falling back to 24304517780-compute@developer.gserviceaccount.com. Error: {"name":"FirebaseError","children":[],"context":{"body":{"error":{"code":403,"message":"Compute Engine API has not been used in project 24304517780 before or it is disabled. Enable it by visiting https://console.developers.google.com/apis/api/compute.googleapis.com/overview?project=24304517780 then retry. If you enabled this API recently, wait a few minutes for the action to propagate to our systems and retry.","errors":[{"message":"Compute Engine API has not been used in project 24304517780 before or it is disabled. Enable it by visiting https://console.developers.google.com/apis/api/compute.googleapis.com/overview?project=24304517780 then retry. If you enabled this API recently, wait a few minutes for the action to propagate to our systems and retry.","domain":"usageLimits","reason":"accessNotConfigured","extendedHelp":"https://console.developers.google.com"}],"status":"PERMISSION_DENIED","details":[{"@type":"type.googleapis.com/google.rpc.ErrorInfo","reason":"SERVICE_DISABLED","domain":"googleapis.com","metadata":{"activationUrl":"https://console.developers.google.com/apis/api/compute.googleapis.com/overview?project=24304517780","consumer":"projects/24304517780","serviceTitle":"Compute Engine API","service":"compute.googleapis.com","containerInfo":"24304517780"}},{"@type":"type.googleapis.com/google.rpc.LocalizedMessage","locale":"en-US","message":"Compute Engine API has not been used in project 24304517780 before or it is disabled. Enable it by visiting https://console.developers.google.com/apis/api/compute.googleapis.com/overview?project=24304517780 then retry. If you enabled this API recently, wait a few minutes for the action to propagate to our systems and retry."},{"@type":"type.googleapis.com/google.rpc.Help","links":[{"description":"Google developers console API activation","url":"https://console.developers.google.com/apis/api/compute.googleapis.com/overview?project=24304517780"}]}]}},"response":{"statusCode":403}},"exit":1,"message":"Request to https://compute.googleapis.com/compute/v1/projects/24304517780 had HTTP Error: 403, Compute Engine API has not been used in project 24304517780 before or it is disabled. Enable it by visiting https://console.developers.google.com/apis/api/compute.googleapis.com/overview?project=24304517780 then retry. If you enabled this API recently, wait a few minutes for the action to propagate to our systems and retry.","status":403}
[debug] [2025-12-29T23:20:44.429Z] Checked if tokens are valid: true, expires at: 1767052128426
[debug] [2025-12-29T23:20:44.430Z] Checked if tokens are valid: true, expires at: 1767052128426
[debug] [2025-12-29T23:20:44.430Z] >>> [apiv2][query] GET https://compute.googleapis.com/compute/v1/projects/24304517780 [none]
[debug] [2025-12-29T23:20:44.716Z] <<< [apiv2][status] GET https://compute.googleapis.com/compute/v1/projects/24304517780 403
[debug] [2025-12-29T23:20:44.716Z] <<< [apiv2][body] GET https://compute.googleapis.com/compute/v1/projects/24304517780 {"error":{"code":403,"message":"Compute Engine API has not been used in project 24304517780 before or it is disabled. Enable it by visiting https://console.developers.google.com/apis/api/compute.googleapis.com/overview?project=24304517780 then retry. If you enabled this API recently, wait a few minutes for the action to propagate to our systems and retry.","errors":[{"message":"Compute Engine API has not been used in project 24304517780 before or it is disabled. Enable it by visiting https://console.developers.google.com/apis/api/compute.googleapis.com/overview?project=24304517780 then retry. If you enabled this API recently, wait a few minutes for the action to propagate to our systems and retry.","domain":"usageLimits","reason":"accessNotConfigured","extendedHelp":"https://console.developers.google.com"}],"status":"PERMISSION_DENIED","details":[{"@type":"type.googleapis.com/google.rpc.ErrorInfo","reason":"SERVICE_DISABLED","domain":"googleapis.com","metadata":{"serviceTitle":"Compute Engine API","activationUrl":"https://console.developers.google.com/apis/api/compute.googleapis.com/overview?project=24304517780","consumer":"projects/24304517780","service":"compute.googleapis.com","containerInfo":"24304517780"}},{"@type":"type.googleapis.com/google.rpc.LocalizedMessage","locale":"en-US","message":"Compute Engine API has not been used in project 24304517780 before or it is disabled. Enable it by visiting https://console.developers.google.com/apis/api/compute.googleapis.com/overview?project=24304517780 then retry. If you enabled this API recently, wait a few minutes for the action to propagate to our systems and retry."},{"@type":"type.googleapis.com/google.rpc.Help","links":[{"description":"Google developers console API activation","url":"https://console.developers.google.com/apis/api/compute.googleapis.com/overview?project=24304517780"}]}]}}
[debug] [2025-12-29T23:20:44.716Z] unable to look up default compute service account. Falling back to 24304517780-compute@developer.gserviceaccount.com. Error: {"name":"FirebaseError","children":[],"context":{"body":{"error":{"code":403,"message":"Compute Engine API has not been used in project 24304517780 before or it is disabled. Enable it by visiting https://console.developers.google.com/apis/api/compute.googleapis.com/overview?project=24304517780 then retry. If you enabled this API recently, wait a few minutes for the action to propagate to our systems and retry.","errors":[{"message":"Compute Engine API has not been used in project 24304517780 before or it is disabled. Enable it by visiting https://console.developers.google.com/apis/api/compute.googleapis.com/overview?project=24304517780 then retry. If you enabled this API recently, wait a few minutes for the action to propagate to our systems and retry.","domain":"usageLimits","reason":"accessNotConfigured","extendedHelp":"https://console.developers.google.com"}],"status":"PERMISSION_DENIED","details":[{"@type":"type.googleapis.com/google.rpc.ErrorInfo","reason":"SERVICE_DISABLED","domain":"googleapis.com","metadata":{"serviceTitle":"Compute Engine API","activationUrl":"https://console.developers.google.com/apis/api/compute.googleapis.com/overview?project=24304517780","consumer":"projects/24304517780","service":"compute.googleapis.com","containerInfo":"24304517780"}},{"@type":"type.googleapis.com/google.rpc.LocalizedMessage","locale":"en-US","message":"Compute Engine API has not been used in project 24304517780 before or it is disabled. Enable it by visiting https://console.developers.google.com/apis/api/compute.googleapis.com/overview?project=24304517780 then retry. If you enabled this API recently, wait a few minutes for the action to propagate to our systems and retry."},{"@type":"type.googleapis.com/google.rpc.Help","links":[{"description":"Google developers console API activation","url":"https://console.developers.google.com/apis/api/compute.googleapis.com/overview?project=24304517780"}]}]}},"response":{"statusCode":403}},"exit":1,"message":"Request to https://compute.googleapis.com/compute/v1/projects/24304517780 had HTTP Error: 403, Compute Engine API has not been used in project 24304517780 before or it is disabled. Enable it by visiting https://console.developers.google.com/apis/api/compute.googleapis.com/overview?project=24304517780 then retry. If you enabled this API recently, wait a few minutes for the action to propagate to our systems and retry.","status":403}
[debug] [2025-12-29T23:20:44.717Z] Checked if tokens are valid: true, expires at: 1767052128426
[debug] [2025-12-29T23:20:44.717Z] Checked if tokens are valid: true, expires at: 1767052128426
[debug] [2025-12-29T23:20:44.717Z] >>> [apiv2][query] GET https://compute.googleapis.com/compute/v1/projects/24304517780 [none]
[debug] [2025-12-29T23:20:44.968Z] <<< [apiv2][status] GET https://compute.googleapis.com/compute/v1/projects/24304517780 403
[debug] [2025-12-29T23:20:44.968Z] <<< [apiv2][body] GET https://compute.googleapis.com/compute/v1/projects/24304517780 {"error":{"code":403,"message":"Compute Engine API has not been used in project 24304517780 before or it is disabled. Enable it by visiting https://console.developers.google.com/apis/api/compute.googleapis.com/overview?project=24304517780 then retry. If you enabled this API recently, wait a few minutes for the action to propagate to our systems and retry.","errors":[{"message":"Compute Engine API has not been used in project 24304517780 before or it is disabled. Enable it by visiting https://console.developers.google.com/apis/api/compute.googleapis.com/overview?project=24304517780 then retry. If you enabled this API recently, wait a few minutes for the action to propagate to our systems and retry.","domain":"usageLimits","reason":"accessNotConfigured","extendedHelp":"https://console.developers.google.com"}],"status":"PERMISSION_DENIED","details":[{"@type":"type.googleapis.com/google.rpc.ErrorInfo","reason":"SERVICE_DISABLED","domain":"googleapis.com","metadata":{"activationUrl":"https://console.developers.google.com/apis/api/compute.googleapis.com/overview?project=24304517780","serviceTitle":"Compute Engine API","containerInfo":"24304517780","service":"compute.googleapis.com","consumer":"projects/24304517780"}},{"@type":"type.googleapis.com/google.rpc.LocalizedMessage","locale":"en-US","message":"Compute Engine API has not been used in project 24304517780 before or it is disabled. Enable it by visiting https://console.developers.google.com/apis/api/compute.googleapis.com/overview?project=24304517780 then retry. If you enabled this API recently, wait a few minutes for the action to propagate to our systems and retry."},{"@type":"type.googleapis.com/google.rpc.Help","links":[{"description":"Google developers console API activation","url":"https://console.developers.google.com/apis/api/compute.googleapis.com/overview?project=24304517780"}]}]}}
[debug] [2025-12-29T23:20:44.968Z] unable to look up default compute service account. Falling back to 24304517780-compute@developer.gserviceaccount.com. Error: {"name":"FirebaseError","children":[],"context":{"body":{"error":{"code":403,"message":"Compute Engine API has not been used in project 24304517780 before or it is disabled. Enable it by visiting https://console.developers.google.com/apis/api/compute.googleapis.com/overview?project=24304517780 then retry. If you enabled this API recently, wait a few minutes for the action to propagate to our systems and retry.","errors":[{"message":"Compute Engine API has not been used in project 24304517780 before or it is disabled. Enable it by visiting https://console.developers.google.com/apis/api/compute.googleapis.com/overview?project=24304517780 then retry. If you enabled this API recently, wait a few minutes for the action to propagate to our systems and retry.","domain":"usageLimits","reason":"accessNotConfigured","extendedHelp":"https://console.developers.google.com"}],"status":"PERMISSION_DENIED","details":[{"@type":"type.googleapis.com/google.rpc.ErrorInfo","reason":"SERVICE_DISABLED","domain":"googleapis.com","metadata":{"activationUrl":"https://console.developers.google.com/apis/api/compute.googleapis.com/overview?project=24304517780","serviceTitle":"Compute Engine API","containerInfo":"24304517780","service":"compute.googleapis.com","consumer":"projects/24304517780"}},{"@type":"type.googleapis.com/google.rpc.LocalizedMessage","locale":"en-US","message":"Compute Engine API has not been used in project 24304517780 before or it is disabled. Enable it by visiting https://console.developers.google.com/apis/api/compute.googleapis.com/overview?project=24304517780 then retry. If you enabled this API recently, wait a few minutes for the action to propagate to our systems and retry."},{"@type":"type.googleapis.com/google.rpc.Help","links":[{"description":"Google developers console API activation","url":"https://console.developers.google.com/apis/api/compute.googleapis.com/overview?project=24304517780"}]}]}},"response":{"statusCode":403}},"exit":1,"message":"Request to https://compute.googleapis.com/compute/v1/projects/24304517780 had HTTP Error: 403, Compute Engine API has not been used in project 24304517780 before or it is disabled. Enable it by visiting https://console.developers.google.com/apis/api/compute.googleapis.com/overview?project=24304517780 then retry. If you enabled this API recently, wait a few minutes for the action to propagate to our systems and retry.","status":403}
[debug] [2025-12-29T23:20:44.968Z] Checked if tokens are valid: true, expires at: 1767052128426
[debug] [2025-12-29T23:20:44.968Z] Checked if tokens are valid: true, expires at: 1767052128426
[debug] [2025-12-29T23:20:44.968Z] >>> [apiv2][query] GET https://compute.googleapis.com/compute/v1/projects/24304517780 [none]
[debug] [2025-12-29T23:20:45.244Z] <<< [apiv2][status] GET https://compute.googleapis.com/compute/v1/projects/24304517780 403
[debug] [2025-12-29T23:20:45.245Z] <<< [apiv2][body] GET https://compute.googleapis.com/compute/v1/projects/24304517780 {"error":{"code":403,"message":"Compute Engine API has not been used in project 24304517780 before or it is disabled. Enable it by visiting https://console.developers.google.com/apis/api/compute.googleapis.com/overview?project=24304517780 then retry. If you enabled this API recently, wait a few minutes for the action to propagate to our systems and retry.","errors":[{"message":"Compute Engine API has not been used in project 24304517780 before or it is disabled. Enable it by visiting https://console.developers.google.com/apis/api/compute.googleapis.com/overview?project=24304517780 then retry. If you enabled this API recently, wait a few minutes for the action to propagate to our systems and retry.","domain":"usageLimits","reason":"accessNotConfigured","extendedHelp":"https://console.developers.google.com"}],"status":"PERMISSION_DENIED","details":[{"@type":"type.googleapis.com/google.rpc.ErrorInfo","reason":"SERVICE_DISABLED","domain":"googleapis.com","metadata":{"containerInfo":"24304517780","service":"compute.googleapis.com","serviceTitle":"Compute Engine API","consumer":"projects/24304517780","activationUrl":"https://console.developers.google.com/apis/api/compute.googleapis.com/overview?project=24304517780"}},{"@type":"type.googleapis.com/google.rpc.LocalizedMessage","locale":"en-US","message":"Compute Engine API has not been used in project 24304517780 before or it is disabled. Enable it by visiting https://console.developers.google.com/apis/api/compute.googleapis.com/overview?project=24304517780 then retry. If you enabled this API recently, wait a few minutes for the action to propagate to our systems and retry."},{"@type":"type.googleapis.com/google.rpc.Help","links":[{"description":"Google developers console API activation","url":"https://console.developers.google.com/apis/api/compute.googleapis.com/overview?project=24304517780"}]}]}}
[debug] [2025-12-29T23:20:45.245Z] unable to look up default compute service account. Falling back to 24304517780-compute@developer.gserviceaccount.com. Error: {"name":"FirebaseError","children":[],"context":{"body":{"error":{"code":403,"message":"Compute Engine API has not been used in project 24304517780 before or it is disabled. Enable it by visiting https://console.developers.google.com/apis/api/compute.googleapis.com/overview?project=24304517780 then retry. If you enabled this API recently, wait a few minutes for the action to propagate to our systems and retry.","errors":[{"message":"Compute Engine API has not been used in project 24304517780 before or it is disabled. Enable it by visiting https://console.developers.google.com/apis/api/compute.googleapis.com/overview?project=24304517780 then retry. If you enabled this API recently, wait a few minutes for the action to propagate to our systems and retry.","domain":"usageLimits","reason":"accessNotConfigured","extendedHelp":"https://console.developers.google.com"}],"status":"PERMISSION_DENIED","details":[{"@type":"type.googleapis.com/google.rpc.ErrorInfo","reason":"SERVICE_DISABLED","domain":"googleapis.com","metadata":{"containerInfo":"24304517780","service":"compute.googleapis.com","serviceTitle":"Compute Engine API","consumer":"projects/24304517780","activationUrl":"https://console.developers.google.com/apis/api/compute.googleapis.com/overview?project=24304517780"}},{"@type":"type.googleapis.com/google.rpc.LocalizedMessage","locale":"en-US","message":"Compute Engine API has not been used in project 24304517780 before or it is disabled. Enable it by visiting https://console.developers.google.com/apis/api/compute.googleapis.com/overview?project=24304517780 then retry. If you enabled this API recently, wait a few minutes for the action to propagate to our systems and retry."},{"@type":"type.googleapis.com/google.rpc.Help","links":[{"description":"Google developers console API activation","url":"https://console.developers.google.com/apis/api/compute.googleapis.com/overview?project=24304517780"}]}]}},"response":{"statusCode":403}},"exit":1,"message":"Request to https://compute.googleapis.com/compute/v1/projects/24304517780 had HTTP Error: 403, Compute Engine API has not been used in project 24304517780 before or it is disabled. Enable it by visiting https://console.developers.google.com/apis/api/compute.googleapis.com/overview?project=24304517780 then retry. If you enabled this API recently, wait a few minutes for the action to propagate to our systems and retry.","status":403}
[debug] [2025-12-29T23:20:45.245Z] Checked if tokens are valid: true, expires at: 1767052128426
[debug] [2025-12-29T23:20:45.245Z] Checked if tokens are valid: true, expires at: 1767052128426
[debug] [2025-12-29T23:20:45.245Z] >>> [apiv2][query] GET https://compute.googleapis.com/compute/v1/projects/24304517780 [none]
[debug] [2025-12-29T23:20:45.502Z] <<< [apiv2][status] GET https://compute.googleapis.com/compute/v1/projects/24304517780 403
[debug] [2025-12-29T23:20:45.502Z] <<< [apiv2][body] GET https://compute.googleapis.com/compute/v1/projects/24304517780 {"error":{"code":403,"message":"Compute Engine API has not been used in project 24304517780 before or it is disabled. Enable it by visiting https://console.developers.google.com/apis/api/compute.googleapis.com/overview?project=24304517780 then retry. If you enabled this API recently, wait a few minutes for the action to propagate to our systems and retry.","errors":[{"message":"Compute Engine API has not been used in project 24304517780 before or it is disabled. Enable it by visiting https://console.developers.google.com/apis/api/compute.googleapis.com/overview?project=24304517780 then retry. If you enabled this API recently, wait a few minutes for the action to propagate to our systems and retry.","domain":"usageLimits","reason":"accessNotConfigured","extendedHelp":"https://console.developers.google.com"}],"status":"PERMISSION_DENIED","details":[{"@type":"type.googleapis.com/google.rpc.ErrorInfo","reason":"SERVICE_DISABLED","domain":"googleapis.com","metadata":{"activationUrl":"https://console.developers.google.com/apis/api/compute.googleapis.com/overview?project=24304517780","consumer":"projects/24304517780","containerInfo":"24304517780","service":"compute.googleapis.com","serviceTitle":"Compute Engine API"}},{"@type":"type.googleapis.com/google.rpc.LocalizedMessage","locale":"en-US","message":"Compute Engine API has not been used in project 24304517780 before or it is disabled. Enable it by visiting https://console.developers.google.com/apis/api/compute.googleapis.com/overview?project=24304517780 then retry. If you enabled this API recently, wait a few minutes for the action to propagate to our systems and retry."},{"@type":"type.googleapis.com/google.rpc.Help","links":[{"description":"Google developers console API activation","url":"https://console.developers.google.com/apis/api/compute.googleapis.com/overview?project=24304517780"}]}]}}
[debug] [2025-12-29T23:20:45.502Z] unable to look up default compute service account. Falling back to 24304517780-compute@developer.gserviceaccount.com. Error: {"name":"FirebaseError","children":[],"context":{"body":{"error":{"code":403,"message":"Compute Engine API has not been used in project 24304517780 before or it is disabled. Enable it by visiting https://console.developers.google.com/apis/api/compute.googleapis.com/overview?project=24304517780 then retry. If you enabled this API recently, wait a few minutes for the action to propagate to our systems and retry.","errors":[{"message":"Compute Engine API has not been used in project 24304517780 before or it is disabled. Enable it by visiting https://console.developers.google.com/apis/api/compute.googleapis.com/overview?project=24304517780 then retry. If you enabled this API recently, wait a few minutes for the action to propagate to our systems and retry.","domain":"usageLimits","reason":"accessNotConfigured","extendedHelp":"https://console.developers.google.com"}],"status":"PERMISSION_DENIED","details":[{"@type":"type.googleapis.com/google.rpc.ErrorInfo","reason":"SERVICE_DISABLED","domain":"googleapis.com","metadata":{"activationUrl":"https://console.developers.google.com/apis/api/compute.googleapis.com/overview?project=24304517780","consumer":"projects/24304517780","containerInfo":"24304517780","service":"compute.googleapis.com","serviceTitle":"Compute Engine API"}},{"@type":"type.googleapis.com/google.rpc.LocalizedMessage","locale":"en-US","message":"Compute Engine API has not been used in project 24304517780 before or it is disabled. Enable it by visiting https://console.developers.google.com/apis/api/compute.googleapis.com/overview?project=24304517780 then retry. If you enabled this API recently, wait a few minutes for the action to propagate to our systems and retry."},{"@type":"type.googleapis.com/google.rpc.Help","links":[{"description":"Google developers console API activation","url":"https://console.developers.google.com/apis/api/compute.googleapis.com/overview?project=24304517780"}]}]}},"response":{"statusCode":403}},"exit":1,"message":"Request to https://compute.googleapis.com/compute/v1/projects/24304517780 had HTTP Error: 403, Compute Engine API has not been used in project 24304517780 before or it is disabled. Enable it by visiting https://console.developers.google.com/apis/api/compute.googleapis.com/overview?project=24304517780 then retry. If you enabled this API recently, wait a few minutes for the action to propagate to our systems and retry.","status":403}
[debug] [2025-12-29T23:20:45.503Z] Checked if tokens are valid: true, expires at: 1767052128426
[debug] [2025-12-29T23:20:45.503Z] Checked if tokens are valid: true, expires at: 1767052128426
[debug] [2025-12-29T23:20:45.503Z] >>> [apiv2][query] GET https://cloudbilling.googleapis.com/v1/projects/wingzone-app/billingInfo [none]
[debug] [2025-12-29T23:20:46.890Z] <<< [apiv2][status] GET https://cloudbilling.googleapis.com/v1/projects/wingzone-app/billingInfo 200
[debug] [2025-12-29T23:20:46.890Z] <<< [apiv2][body] GET https://cloudbilling.googleapis.com/v1/projects/wingzone-app/billingInfo {"name":"projects/wingzone-app/billingInfo","projectId":"wingzone-app","billingAccountName":"billingAccounts/011FDB-F3593C-E908C1","billingEnabled":true}
[debug] [2025-12-29T23:20:46.891Z] Checked if tokens are valid: true, expires at: 1767052128426
[debug] [2025-12-29T23:20:46.891Z] Checked if tokens are valid: true, expires at: 1767052128426
[debug] [2025-12-29T23:20:46.891Z] >>> [apiv2][query] POST https://cloudfunctions.googleapis.com/v2/projects/wingzone-app/locations/us-central1/functions:generateUploadUrl [none]
[debug] [2025-12-29T23:20:48.311Z] <<< [apiv2][status] POST https://cloudfunctions.googleapis.com/v2/projects/wingzone-app/locations/us-central1/functions:generateUploadUrl 200
[debug] [2025-12-29T23:20:48.312Z] <<< [apiv2][body] POST https://cloudfunctions.googleapis.com/v2/projects/wingzone-app/locations/us-central1/functions:generateUploadUrl {"uploadUrl":"https://storage.googleapis.com/gcf-v2-uploads-24304517780.us-central1.cloudfunctions.appspot.com/e907324a-8fda-4963-94f0-daf2db9ea467.zip?GoogleAccessId=service-24304517780@gcf-admin-robot.iam.gserviceaccount.com&Expires=1767052248&Signature=c7oI8tby4RW8IM9zyDw5HO%2FY2UYKzx9SK3O0qSMmbVO3DtiyaJaztaIDWAxwu4zNfynaDFKKgjNmChaujtjHLBvagRqzaXDsQ4BOB6FYV8JX0ieDZBM23i1Yljwy8qPK5ChpuY%2Fgk3ah%2BAI3PJxSCMuTm9zXocRxfzv0qOGZJ4Hypf%2FVnx6xl7MnKmkfII9nuFVW8J9xSzWRqnMwbgVSg7Tdvy%2BFuTCuAQ4d7DXnk36Phc5ZkTv3jvND%2F8%2Frz5SgaigR2iJ02u%2FazAVIZBeARGoppxHV6hXcvW60lSZXpa3G0Gcr4gptDbChL3Q1a4TdnfnQXE4MXEgiCgPAod5NBw%3D%3D","storageSource":{"bucket":"gcf-v2-uploads-24304517780.us-central1.cloudfunctions.appspot.com","object":"e907324a-8fda-4963-94f0-daf2db9ea467.zip"}}
[debug] [2025-12-29T23:20:48.312Z] >>> [apiv2][query] PUT https://storage.googleapis.com/gcf-v2-uploads-24304517780.us-central1.cloudfunctions.appspot.com/e907324a-8fda-4963-94f0-daf2db9ea467.zip GoogleAccessId=service-24304517780%40gcf-admin-robot.iam.gserviceaccount.com&Expires=1767052248&Signature=c7oI8tby4RW8IM9zyDw5HO%2FY2UYKzx9SK3O0qSMmbVO3DtiyaJaztaIDWAxwu4zNfynaDFKKgjNmChaujtjHLBvagRqzaXDsQ4BOB6FYV8JX0ieDZBM23i1Yljwy8qPK5ChpuY%2Fgk3ah%2BAI3PJxSCMuTm9zXocRxfzv0qOGZJ4Hypf%2FVnx6xl7MnKmkfII9nuFVW8J9xSzWRqnMwbgVSg7Tdvy%2BFuTCuAQ4d7DXnk36Phc5ZkTv3jvND%2F8%2Frz5SgaigR2iJ02u%2FazAVIZBeARGoppxHV6hXcvW60lSZXpa3G0Gcr4gptDbChL3Q1a4TdnfnQXE4MXEgiCgPAod5NBw%3D%3D
[debug] [2025-12-29T23:20:48.312Z] >>> [apiv2][body] PUT https://storage.googleapis.com/gcf-v2-uploads-24304517780.us-central1.cloudfunctions.appspot.com/e907324a-8fda-4963-94f0-daf2db9ea467.zip [stream]
[debug] [2025-12-29T23:20:50.488Z] <<< [apiv2][status] PUT https://storage.googleapis.com/gcf-v2-uploads-24304517780.us-central1.cloudfunctions.appspot.com/e907324a-8fda-4963-94f0-daf2db9ea467.zip 200
[debug] [2025-12-29T23:20:50.488Z] <<< [apiv2][body] PUT https://storage.googleapis.com/gcf-v2-uploads-24304517780.us-central1.cloudfunctions.appspot.com/e907324a-8fda-4963-94f0-daf2db9ea467.zip [omitted]
[info] +  functions: functions source uploaded successfully 
[info] i  functions: creating Node.js 24 (2nd Gen) function onOrderConfirmed(us-central1)... 
[info] i  functions: creating Node.js 24 (2nd Gen) function onGroupOrderConfirmed(us-central1)... 
[info] i  functions: updating Node.js 24 (2nd Gen) function autoProgressIndividualOrders(us-central1)... 
[info] i  functions: updating Node.js 24 (2nd Gen) function autoDeliverReadyOrders(us-central1)... 
[info] i  functions: updating Node.js 24 (2nd Gen) function autoProgressGroupOrders(us-central1)... 
[info] i  functions: updating Node.js 24 (2nd Gen) function autoDeliverReadyGroupOrders(us-central1)... 
[debug] [2025-12-29T23:20:50.495Z] Checked if tokens are valid: true, expires at: 1767052128426
[debug] [2025-12-29T23:20:50.495Z] Checked if tokens are valid: true, expires at: 1767052128426
[debug] [2025-12-29T23:20:50.495Z] >>> [apiv2][query] POST https://cloudfunctions.googleapis.com/v2/projects/wingzone-app/locations/us-central1/functions functionId=onOrderConfirmed
[debug] [2025-12-29T23:20:50.495Z] >>> [apiv2][body] POST https://cloudfunctions.googleapis.com/v2/projects/wingzone-app/locations/us-central1/functions {"name":"projects/wingzone-app/locations/us-central1/functions/onOrderConfirmed","buildConfig":{"runtime":"nodejs24","entryPoint":"onOrderConfirmed","source":{"storageSource":{"bucket":"gcf-v2-uploads-24304517780.us-central1.cloudfunctions.appspot.com","object":"e907324a-8fda-4963-94f0-daf2db9ea467.zip"}},"environmentVariables":{"GOOGLE_NODE_RUN_SCRIPTS":""}},"serviceConfig":{"environmentVariables":{"FIREBASE_CONFIG":"{\"projectId\":\"wingzone-app\",\"storageBucket\":\"wingzone-app.firebasestorage.app\"}","GCLOUD_PROJECT":"wingzone-app","EVENTARC_CLOUD_EVENT_SOURCE":"projects/wingzone-app/locations/us-central1/services/onOrderConfirmed","FUNCTION_SIGNATURE_TYPE":"cloudevent","FUNCTION_TARGET":"onOrderConfirmed","LOG_EXECUTION_ID":"true"},"ingressSettings":null,"timeoutSeconds":null,"serviceAccountEmail":null,"availableMemory":"256Mi","minInstanceCount":null,"maxInstanceCount":10,"maxInstanceRequestConcurrency":80,"availableCpu":"1","vpcConnector":null,"vpcConnectorEgressSettings":null},"labels":{"deployment-tool":"cli-firebase","firebase-functions-hash":"f7394d1e800a88b46ed06145760f51cc7c3dfc29"},"eventTrigger":{"eventType":"google.cloud.firestore.document.v1.updated","retryPolicy":"RETRY_POLICY_DO_NOT_RETRY","eventFilters":[{"attribute":"database","value":"(default)"},{"attribute":"namespace","value":"(default)"},{"attribute":"document","value":"individual_orders/{orderId}","operator":"match-path-pattern"}],"triggerRegion":"nam5"}}
[debug] [2025-12-29T23:20:52.199Z] <<< [apiv2][status] POST https://cloudfunctions.googleapis.com/v2/projects/wingzone-app/locations/us-central1/functions 200
[debug] [2025-12-29T23:20:52.199Z] <<< [apiv2][body] POST https://cloudfunctions.googleapis.com/v2/projects/wingzone-app/locations/us-central1/functions {"name":"projects/wingzone-app/locations/us-central1/operations/operation-1767050452083-6471f7e7f2234-e5d27090-27e69ce6","metadata":{"@type":"type.googleapis.com/google.cloud.functions.v2.OperationMetadata","createTime":"2025-12-29T23:20:52.545800441Z","target":"projects/wingzone-app/locations/us-central1/functions/onOrderConfirmed","verb":"create","cancelRequested":false,"apiVersion":"v2"},"done":false}
[debug] [2025-12-29T23:20:52.199Z] Checked if tokens are valid: true, expires at: 1767052128426
[debug] [2025-12-29T23:20:52.199Z] Checked if tokens are valid: true, expires at: 1767052128426
[debug] [2025-12-29T23:20:52.200Z] >>> [apiv2][query] GET https://cloudfunctions.googleapis.com/v2/projects/wingzone-app/locations/us-central1/operations/operation-1767050452083-6471f7e7f2234-e5d27090-27e69ce6 [none]
[debug] [2025-12-29T23:20:53.395Z] <<< [apiv2][status] GET https://cloudfunctions.googleapis.com/v2/projects/wingzone-app/locations/us-central1/operations/operation-1767050452083-6471f7e7f2234-e5d27090-27e69ce6 200
[debug] [2025-12-29T23:20:53.395Z] <<< [apiv2][body] GET https://cloudfunctions.googleapis.com/v2/projects/wingzone-app/locations/us-central1/operations/operation-1767050452083-6471f7e7f2234-e5d27090-27e69ce6 {"name":"projects/wingzone-app/locations/us-central1/operations/operation-1767050452083-6471f7e7f2234-e5d27090-27e69ce6","metadata":{"@type":"type.googleapis.com/google.cloud.functions.v2.OperationMetadata","createTime":"2025-12-29T23:20:52.545800441Z","target":"projects/wingzone-app/locations/us-central1/functions/onOrderConfirmed","verb":"create","cancelRequested":false,"apiVersion":"v2","requestResource":{"@type":"type.googleapis.com/google.cloud.functions.v2.Function","name":"projects/wingzone-app/locations/us-central1/functions/onOrderConfirmed","buildConfig":{"runtime":"nodejs24","entryPoint":"onOrderConfirmed","source":{"storageSource":{"bucket":"gcf-v2-sources-24304517780-us-central1","object":"onOrderConfirmed/function-source.zip","generation":"1767050452297056"}},"environmentVariables":{"GOOGLE_NODE_RUN_SCRIPTS":""},"serviceAccount":"projects/wingzone-app/serviceAccounts/24304517780-compute@developer.gserviceaccount.com","automaticUpdatePolicy":{}},"serviceConfig":{"service":"projects/wingzone-app/locations/us-central1/services/onorderconfirmed","timeoutSeconds":60,"environmentVariables":{"FIREBASE_CONFIG":"{\"projectId\":\"wingzone-app\",\"storageBucket\":\"wingzone-app.firebasestorage.app\"}","GCLOUD_PROJECT":"wingzone-app","EVENTARC_CLOUD_EVENT_SOURCE":"projects/wingzone-app/locations/us-central1/services/onOrderConfirmed","FUNCTION_SIGNATURE_TYPE":"cloudevent","FUNCTION_TARGET":"onOrderConfirmed","LOG_EXECUTION_ID":"true"},"maxInstanceCount":10,"ingressSettings":"ALLOW_ALL","serviceAccountEmail":"24304517780-compute@developer.gserviceaccount.com","availableMemory":"256Mi","maxInstanceRequestConcurrency":80,"availableCpu":"1"},"eventTrigger":{"trigger":"projects/wingzone-app/locations/nam5/triggers/onorderconfirmed-562632","triggerRegion":"nam5","eventType":"google.cloud.firestore.document.v1.updated","eventFilters":[{"attribute":"database","value":"(default)"},{"attribute":"namespace","value":"(default)"},{"attribute":"document","value":"individual_orders/{orderId}","operator":"match-path-pattern"}],"serviceAccountEmail":"24304517780-compute@developer.gserviceaccount.com","retryPolicy":"RETRY_POLICY_DO_NOT_RETRY"},"labels":{"deployment-tool":"cli-firebase","firebase-functions-hash":"f7394d1e800a88b46ed06145760f51cc7c3dfc29"},"environment":"GEN_2"},"stages":[{"name":"BUILD","message":"Build in progress","state":"IN_PROGRESS","resource":"projects/24304517780/locations/us-central1/builds/e46981f0-c25b-4a17-8129-8e1d136e4d7c","resourceUri":"https://console.cloud.google.com/cloud-build/builds;region=us-central1/e46981f0-c25b-4a17-8129-8e1d136e4d7c?project=24304517780"},{"name":"SERVICE","state":"NOT_STARTED"},{"name":"TRIGGER","state":"NOT_STARTED"}],"operationType":"CREATE_FUNCTION","buildName":"projects/24304517780/locations/us-central1/builds/e46981f0-c25b-4a17-8129-8e1d136e4d7c"},"done":false}
[debug] [2025-12-29T23:20:53.907Z] [create-default-us-central1-onOrderConfirmed] Retrying task index 0
[debug] [2025-12-29T23:20:53.907Z] Checked if tokens are valid: true, expires at: 1767052128426
[debug] [2025-12-29T23:20:53.907Z] Checked if tokens are valid: true, expires at: 1767052128426
[debug] [2025-12-29T23:20:53.907Z] >>> [apiv2][query] GET https://cloudfunctions.googleapis.com/v2/projects/wingzone-app/locations/us-central1/operations/operation-1767050452083-6471f7e7f2234-e5d27090-27e69ce6 [none]
